[2023-07-28 14:19:21] [DEBUG] [login_page.py]/[line: 14]/[login] 登录 
[2023-07-28 14:19:22] [INFO] [home_page.py]/[line: 13]/[click_add_member] 点击添加成员按钮 
[2023-07-28 14:19:27] [ERROR] [base.py]/[line: 33]/[inner] Message: no such element: Unable to locate element: {"method":"css selector","selector":"[node-type='addmember']"}
  (Session info: chrome=114.0.5735.133)
Stacktrace:
#0 0x55df865464e3 <unknown>
#1 0x55df86275c76 <unknown>
#2 0x55df862b1c96 <unknown>
#3 0x55df862b1dc1 <unknown>
#4 0x55df862eb7f4 <unknown>
#5 0x55df862d103d <unknown>
#6 0x55df862e930e <unknown>
#7 0x55df862d0de3 <unknown>
#8 0x55df862a62dd <unknown>
#9 0x55df862a734e <unknown>
#10 0x55df865063e4 <unknown>
#11 0x55df8650a3d7 <unknown>
#12 0x55df86514b20 <unknown>
#13 0x55df8650b023 <unknown>
#14 0x55df864d91aa <unknown>
#15 0x55df8652f6b8 <unknown>
#16 0x55df8652f847 <unknown>
#17 0x55df8653f243 <unknown>
#18 0x7f38fe91f609 start_thread
 
[2023-07-28 14:19:27] [INFO] [home_page.py]/[line: 20]/[goto_home_page] 返回首页 
[2023-07-28 14:19:28] [INFO] [home_page.py]/[line: 26]/[click_menu_contacts] 点击菜单：通讯录 
[2023-07-28 14:19:33] [ERROR] [base.py]/[line: 33]/[inner] Message: no such element: Unable to locate element: {"method":"css selector","selector":"[id="menu_contacts"]"}
  (Session info: chrome=114.0.5735.133)
Stacktrace:
#0 0x55df865464e3 <unknown>
#1 0x55df86275c76 <unknown>
#2 0x55df862b1c96 <unknown>
#3 0x55df862b1dc1 <unknown>
#4 0x55df862eb7f4 <unknown>
#5 0x55df862d103d <unknown>
#6 0x55df862e930e <unknown>
#7 0x55df862d0de3 <unknown>
#8 0x55df862a62dd <unknown>
#9 0x55df862a734e <unknown>
#10 0x55df865063e4 <unknown>
#11 0x55df8650a3d7 <unknown>
#12 0x55df86514b20 <unknown>
#13 0x55df8650b023 <unknown>
#14 0x55df864d91aa <unknown>
#15 0x55df8652f6b8 <unknown>
#16 0x55df8652f847 <unknown>
#17 0x55df8653f243 <unknown>
#18 0x7f38fe91f609 start_thread
 
[2023-07-28 14:19:33] [INFO] [home_page.py]/[line: 20]/[goto_home_page] 返回首页 
