[2023-07-28 15:12:17] [DEBUG] [login_page.py]/[line: 14]/[login] 登录 
[2023-07-28 15:12:18] [DEBUG] [login_page.py]/[line: 14]/[login] 登录 
[2023-07-28 15:12:24] [INFO] [home_page.py]/[line: 13]/[click_add_member] 点击添加成员按钮 
[2023-07-28 15:12:25] [DEBUG] [addmember_page.py]/[line: 15]/[edit_member_and_save] 输入姓名朱玉华,用户id441323195012031063,电话18579433600 
[2023-07-28 15:12:26] [INFO] [home_page.py]/[line: 26]/[click_menu_contacts] 点击菜单：通讯录 
[2023-07-28 15:12:26] [INFO] [member_list_page.py]/[line: 19]/[click_add_member_btn] 点击【添加成员】按钮 
[2023-07-28 15:12:32] [DEBUG] [member_list_page.py]/[line: 14]/[get_tips] 获取提示文案为【保存成功】 
[2023-07-28 15:12:32] [INFO] [home_page.py]/[line: 20]/[goto_home_page] 返回首页 
[2023-07-28 15:12:36] [ERROR] [base.py]/[line: 36]/[inner] Message: no such element: Unable to locate element: {"method":"css selector","selector":"[id="username"]"}
  (Session info: chrome=114.0.5735.133)
Stacktrace:
#0 0x55a7a70324e3 <unknown>
#1 0x55a7a6d61c76 <unknown>
#2 0x55a7a6d9dc96 <unknown>
#3 0x55a7a6d9ddc1 <unknown>
#4 0x55a7a6dd77f4 <unknown>
#5 0x55a7a6dbd03d <unknown>
#6 0x55a7a6dd530e <unknown>
#7 0x55a7a6dbcde3 <unknown>
#8 0x55a7a6d922dd <unknown>
#9 0x55a7a6d9334e <unknown>
#10 0x55a7a6ff23e4 <unknown>
#11 0x55a7a6ff63d7 <unknown>
#12 0x55a7a7000b20 <unknown>
#13 0x55a7a6ff7023 <unknown>
#14 0x55a7a6fc51aa <unknown>
#15 0x55a7a701b6b8 <unknown>
#16 0x55a7a701b847 <unknown>
#17 0x55a7a702b243 <unknown>
#18 0x7f2d960fa609 start_thread
 
[2023-07-28 15:12:36] [INFO] [home_page.py]/[line: 20]/[goto_home_page] 返回首页 
