[2023-07-28 11:16:08] [DEBUG] [login_page.py]/[line: 14]/[login] 登录 
[2023-07-28 11:16:12] [INFO] [home_page.py]/[line: 13]/[click_add_member] 点击添加成员按钮 
[2023-07-28 11:16:12] [DEBUG] [addmember_page.py]/[line: 15]/[edit_member_and_save] 输入姓名李秀荣,用户id542623194212011442,电话13518142399 
[2023-07-28 11:16:20] [ERROR] [base.py]/[line: 33]/[inner] Message: no such element: Unable to locate element: {"method":"link text","selector":"保存"}
  (Session info: chrome=114.0.5735.133)
Stacktrace:
#0 0x561dd9efd4e3 <unknown>
#1 0x561dd9c2cc76 <unknown>
#2 0x561dd9c68c96 <unknown>
#3 0x561dd9c68dc1 <unknown>
#4 0x561dd9ca27f4 <unknown>
#5 0x561dd9c8803d <unknown>
#6 0x561dd9ca030e <unknown>
#7 0x561dd9c87de3 <unknown>
#8 0x561dd9c5d2dd <unknown>
#9 0x561dd9c5e34e <unknown>
#10 0x561dd9ebd3e4 <unknown>
#11 0x561dd9ec13d7 <unknown>
#12 0x561dd9ecbb20 <unknown>
#13 0x561dd9ec2023 <unknown>
#14 0x561dd9e901aa <unknown>
#15 0x561dd9ee66b8 <unknown>
#16 0x561dd9ee6847 <unknown>
#17 0x561dd9ef6243 <unknown>
#18 0x7f707ab30609 start_thread
 
[2023-07-28 11:16:20] [INFO] [home_page.py]/[line: 20]/[goto_home_page] 返回首页 
[2023-07-28 11:16:22] [INFO] [home_page.py]/[line: 26]/[click_menu_contacts] 点击菜单：通讯录 
[2023-07-28 11:16:22] [INFO] [member_list_page.py]/[line: 19]/[click_add_member_btn] 点击【添加成员】按钮 
[2023-07-28 11:16:23] [DEBUG] [addmember_page.py]/[line: 15]/[edit_member_and_save] 输入姓名杜桂芳,用户id222406195710220063,电话13303587677 
[2023-07-28 11:16:29] [ERROR] [base.py]/[line: 33]/[inner] Message: no such element: Unable to locate element: {"method":"link text","selector":"保存"}
  (Session info: chrome=114.0.5735.133)
Stacktrace:
#0 0x561dd9efd4e3 <unknown>
#1 0x561dd9c2cc76 <unknown>
#2 0x561dd9c68c96 <unknown>
#3 0x561dd9c68dc1 <unknown>
#4 0x561dd9ca27f4 <unknown>
#5 0x561dd9c8803d <unknown>
#6 0x561dd9ca030e <unknown>
#7 0x561dd9c87de3 <unknown>
#8 0x561dd9c5d2dd <unknown>
#9 0x561dd9c5e34e <unknown>
#10 0x561dd9ebd3e4 <unknown>
#11 0x561dd9ec13d7 <unknown>
#12 0x561dd9ecbb20 <unknown>
#13 0x561dd9ec2023 <unknown>
#14 0x561dd9e901aa <unknown>
#15 0x561dd9ee66b8 <unknown>
#16 0x561dd9ee6847 <unknown>
#17 0x561dd9ef6243 <unknown>
#18 0x7f707ab30609 start_thread
 
[2023-07-28 11:16:29] [INFO] [home_page.py]/[line: 20]/[goto_home_page] 返回首页 
