[2023-07-28 11:11:42] [DEBUG] [login_page.py]/[line: 14]/[login] 登录 
[2023-07-28 11:11:46] [INFO] [home_page.py]/[line: 13]/[click_add_member] 点击添加成员按钮 
[2023-07-28 11:11:47] [DEBUG] [addmember_page.py]/[line: 15]/[edit_member_and_save] 输入姓名周磊,用户id659000200407178077,电话15839208406 
[2023-07-28 11:11:55] [ERROR] [base.py]/[line: 33]/[inner] Message: no such element: Unable to locate element: {"method":"link text","selector":"保存"}
  (Session info: chrome=114.0.5735.133)
Stacktrace:
#0 0x55daa46604e3 <unknown>
#1 0x55daa438fc76 <unknown>
#2 0x55daa43cbc96 <unknown>
#3 0x55daa43cbdc1 <unknown>
#4 0x55daa44057f4 <unknown>
#5 0x55daa43eb03d <unknown>
#6 0x55daa440330e <unknown>
#7 0x55daa43eade3 <unknown>
#8 0x55daa43c02dd <unknown>
#9 0x55daa43c134e <unknown>
#10 0x55daa46203e4 <unknown>
#11 0x55daa46243d7 <unknown>
#12 0x55daa462eb20 <unknown>
#13 0x55daa4625023 <unknown>
#14 0x55daa45f31aa <unknown>
#15 0x55daa46496b8 <unknown>
#16 0x55daa4649847 <unknown>
#17 0x55daa4659243 <unknown>
#18 0x7fdf6bd58609 start_thread
 
[2023-07-28 11:11:56] [INFO] [home_page.py]/[line: 20]/[goto_home_page] 返回首页 
[2023-07-28 11:11:57] [INFO] [home_page.py]/[line: 26]/[click_menu_contacts] 点击菜单：通讯录 
[2023-07-28 11:11:58] [INFO] [member_list_page.py]/[line: 19]/[click_add_member_btn] 点击【添加成员】按钮 
[2023-07-28 11:11:59] [DEBUG] [addmember_page.py]/[line: 15]/[edit_member_and_save] 输入姓名罗秀兰,用户id411723200404119996,电话14729685886 
[2023-07-28 11:12:05] [ERROR] [base.py]/[line: 33]/[inner] Message: no such element: Unable to locate element: {"method":"link text","selector":"保存"}
  (Session info: chrome=114.0.5735.133)
Stacktrace:
#0 0x55daa46604e3 <unknown>
#1 0x55daa438fc76 <unknown>
#2 0x55daa43cbc96 <unknown>
#3 0x55daa43cbdc1 <unknown>
#4 0x55daa44057f4 <unknown>
#5 0x55daa43eb03d <unknown>
#6 0x55daa440330e <unknown>
#7 0x55daa43eade3 <unknown>
#8 0x55daa43c02dd <unknown>
#9 0x55daa43c134e <unknown>
#10 0x55daa46203e4 <unknown>
#11 0x55daa46243d7 <unknown>
#12 0x55daa462eb20 <unknown>
#13 0x55daa4625023 <unknown>
#14 0x55daa45f31aa <unknown>
#15 0x55daa46496b8 <unknown>
#16 0x55daa4649847 <unknown>
#17 0x55daa4659243 <unknown>
#18 0x7fdf6bd58609 start_thread
 
[2023-07-28 11:12:05] [INFO] [home_page.py]/[line: 20]/[goto_home_page] 返回首页 
