[2023-07-28 14:20:59] [DEBUG] [login_page.py]/[line: 14]/[login] 登录 
[2023-07-28 14:21:03] [INFO] [home_page.py]/[line: 13]/[click_add_member] 点击添加成员按钮 
[2023-07-28 14:21:04] [DEBUG] [addmember_page.py]/[line: 15]/[edit_member_and_save] 输入姓名潘勇,用户id620723196905045373,电话13788225669 
[2023-07-28 14:21:12] [ERROR] [base.py]/[line: 33]/[inner] Message: no such element: Unable to locate element: {"method":"link text","selector":"保存"}
  (Session info: chrome=114.0.5735.133)
Stacktrace:
#0 0x55e67b4dc4e3 <unknown>
#1 0x55e67b20bc76 <unknown>
#2 0x55e67b247c96 <unknown>
#3 0x55e67b247dc1 <unknown>
#4 0x55e67b2817f4 <unknown>
#5 0x55e67b26703d <unknown>
#6 0x55e67b27f30e <unknown>
#7 0x55e67b266de3 <unknown>
#8 0x55e67b23c2dd <unknown>
#9 0x55e67b23d34e <unknown>
#10 0x55e67b49c3e4 <unknown>
#11 0x55e67b4a03d7 <unknown>
#12 0x55e67b4aab20 <unknown>
#13 0x55e67b4a1023 <unknown>
#14 0x55e67b46f1aa <unknown>
#15 0x55e67b4c56b8 <unknown>
#16 0x55e67b4c5847 <unknown>
#17 0x55e67b4d5243 <unknown>
#18 0x7fbceec88609 start_thread
 
[2023-07-28 14:21:13] [INFO] [home_page.py]/[line: 20]/[goto_home_page] 返回首页 
[2023-07-28 14:21:14] [INFO] [home_page.py]/[line: 26]/[click_menu_contacts] 点击菜单：通讯录 
[2023-07-28 14:21:15] [INFO] [member_list_page.py]/[line: 19]/[click_add_member_btn] 点击【添加成员】按钮 
[2023-07-28 14:21:16] [DEBUG] [addmember_page.py]/[line: 15]/[edit_member_and_save] 输入姓名吴秀兰,用户id15078419691121644X,电话15914456036 
[2023-07-28 14:21:22] [ERROR] [base.py]/[line: 33]/[inner] Message: no such element: Unable to locate element: {"method":"link text","selector":"保存"}
  (Session info: chrome=114.0.5735.133)
Stacktrace:
#0 0x55e67b4dc4e3 <unknown>
#1 0x55e67b20bc76 <unknown>
#2 0x55e67b247c96 <unknown>
#3 0x55e67b247dc1 <unknown>
#4 0x55e67b2817f4 <unknown>
#5 0x55e67b26703d <unknown>
#6 0x55e67b27f30e <unknown>
#7 0x55e67b266de3 <unknown>
#8 0x55e67b23c2dd <unknown>
#9 0x55e67b23d34e <unknown>
#10 0x55e67b49c3e4 <unknown>
#11 0x55e67b4a03d7 <unknown>
#12 0x55e67b4aab20 <unknown>
#13 0x55e67b4a1023 <unknown>
#14 0x55e67b46f1aa <unknown>
#15 0x55e67b4c56b8 <unknown>
#16 0x55e67b4c5847 <unknown>
#17 0x55e67b4d5243 <unknown>
#18 0x7fbceec88609 start_thread
 
[2023-07-28 14:21:22] [INFO] [home_page.py]/[line: 20]/[goto_home_page] 返回首页 
